<?xml version="1.0" encoding="UTF-8"?>
<!-- Generated by org.testng.reporters.JUnitXMLReporter -->
<testsuite hostname="qapitol-ThinkPad-L470" ignored="0" name="Default test" tests="5" failures="0" timestamp="23 Jul 2019 08:45:50 GMT" time="0.508" errors="0">
  <testcase name="verifyEmployeeCreation" time="0.348" classname="com.employee.EmployeeManagementTest"/>
  <testcase name="checkEmployeeCreationCount" time="0.021" classname="com.employee.EmployeeManagementTest"/>
  <testcase name="checkLatestEmployeeidIsnotNull" time="0.009" classname="com.employee.EmployeeManagementTest"/>
  <testcase name="updateEmployeeAndValidate" time="0.065" classname="com.employee.EmployeeManagementTest"/>
  <testcase name="deleteEmployeeAndValidate" time="0.034" classname="com.employee.EmployeeManagementTest"/>
</testsuite> <!-- Default test -->
