<?xml version="1.0" encoding="UTF-8"?>
<testng-results skipped="0" failed="0" ignored="0" total="3" passed="3">
  <reporter-output>
  </reporter-output>
  <suite name="Default suite" duration-ms="540" started-at="2019-07-12T07:06:38Z" finished-at="2019-07-12T07:06:38Z">
    <groups>
    </groups>
    <test name="Default test" duration-ms="540" started-at="2019-07-12T07:06:38Z" finished-at="2019-07-12T07:06:38Z">
      <class name="com.employee.EmployeeManagementTest">
        <test-method status="PASS" signature="verifyEmployeeCreation()[pri:0, instance:com.employee.EmployeeManagementTest@28d25987]" name="verifyEmployeeCreation" duration-ms="414" started-at="2019-07-12T07:06:38Z" finished-at="2019-07-12T07:06:38Z">
          <reporter-output>
          </reporter-output>
        </test-method> <!-- verifyEmployeeCreation -->
        <test-method status="PASS" signature="updateEmployeeAndValidate()[pri:1, instance:com.employee.EmployeeManagementTest@28d25987]" name="updateEmployeeAndValidate" duration-ms="59" started-at="2019-07-12T07:06:38Z" finished-at="2019-07-12T07:06:38Z">
          <reporter-output>
          </reporter-output>
        </test-method> <!-- updateEmployeeAndValidate -->
        <test-method status="PASS" signature="deleteEmployeeAndValidate()[pri:2, instance:com.employee.EmployeeManagementTest@28d25987]" name="deleteEmployeeAndValidate" duration-ms="29" started-at="2019-07-12T07:06:38Z" finished-at="2019-07-12T07:06:38Z">
          <reporter-output>
          </reporter-output>
        </test-method> <!-- deleteEmployeeAndValidate -->
      </class> <!-- com.employee.EmployeeManagementTest -->
    </test> <!-- Default test -->
  </suite> <!-- Default suite -->
</testng-results>
